{"C:\\Users\\USER\\Desktop\\CloudVault\\src\\config.ts": {"path":"C:\\Users\\USER\\Desktop\\CloudVault\\src\\config.ts","statementMap":{"0":{"start":{"line":1,"column":0},"end":{"line":1,"column":33}},"1":{"start":{"line":2,"column":0},"end":{"line":2,"column":16}},"2":{"start":{"line":4,"column":13},"end":{"line":15,"column":2}}},"fnMap":{},"branchMap":{"0":{"loc":{"start":{"line":5,"column":8},"end":{"line":5,"column":32}},"type":"binary-expr","locations":[{"start":{"line":5,"column":8},"end":{"line":5,"column":24}},{"start":{"line":5,"column":28},"end":{"line":5,"column":32}}]}},"s":{"0":1,"1":1,"2":1},"f":{},"b":{"0":[1,0]}}
,"C:\\Users\\USER\\Desktop\\CloudVault\\src\\server.ts": {"path":"C:\\Users\\USER\\Desktop\\CloudVault\\src\\server.ts","statementMap":{"0":{"start":{"line":1,"column":0},"end":{"line":1,"column":30}},"1":{"start":{"line":2,"column":0},"end":{"line":2,"column":28}},"2":{"start":{"line":3,"column":0},"end":{"line":3,"column":28}},"3":{"start":{"line":4,"column":0},"end":{"line":4,"column":32}},"4":{"start":{"line":6,"column":0},"end":{"line":6,"column":57}},"5":{"start":{"line":7,"column":0},"end":{"line":7,"column":57}},"6":{"start":{"line":8,"column":0},"end":{"line":8,"column":68}},"7":{"start":{"line":10,"column":0},"end":{"line":10,"column":72}},"8":{"start":{"line":11,"column":0},"end":{"line":11,"column":84}},"9":{"start":{"line":12,"column":0},"end":{"line":12,"column":61}},"10":{"start":{"line":14,"column":0},"end":{"line":14,"column":80}},"11":{"start":{"line":15,"column":0},"end":{"line":15,"column":64}},"12":{"start":{"line":16,"column":0},"end":{"line":16,"column":68}},"13":{"start":{"line":17,"column":0},"end":{"line":17,"column":80}},"14":{"start":{"line":20,"column":0},"end":{"line":20,"column":16}},"15":{"start":{"line":21,"column":12},"end":{"line":21,"column":21}},"16":{"start":{"line":23,"column":12},"end":{"line":23,"column":22}},"17":{"start":{"line":26,"column":0},"end":{"line":26,"column":24}},"18":{"start":{"line":29,"column":0},"end":{"line":29,"column":22}},"19":{"start":{"line":30,"column":0},"end":{"line":30,"column":22}},"20":{"start":{"line":31,"column":0},"end":{"line":31,"column":23}},"21":{"start":{"line":34,"column":0},"end":{"line":34,"column":26}},"22":{"start":{"line":35,"column":0},"end":{"line":35,"column":34}},"23":{"start":{"line":37,"column":0},"end":{"line":37,"column":28}},"24":{"start":{"line":39,"column":0},"end":{"line":39,"column":31}},"25":{"start":{"line":41,"column":0},"end":{"line":41,"column":24}},"26":{"start":{"line":42,"column":0},"end":{"line":42,"column":26}},"27":{"start":{"line":43,"column":0},"end":{"line":43,"column":32}},"28":{"start":{"line":46,"column":0},"end":{"line":46,"column":28}},"29":{"start":{"line":47,"column":0},"end":{"line":57,"column":2}},"30":{"start":{"line":49,"column":4},"end":{"line":55,"column":7}},"31":{"start":{"line":59,"column":0},"end":{"line":63,"column":1}},"32":{"start":{"line":60,"column":2},"end":{"line":62,"column":5}},"33":{"start":{"line":61,"column":4},"end":{"line":61,"column":52}},"34":{"start":{"line":65,"column":0},"end":{"line":65,"column":19}}},"fnMap":{"0":{"name":"(anonymous_1)","decl":{"start":{"line":48,"column":9},"end":{"line":48,"column":10}},"loc":{"start":{"line":48,"column":30},"end":{"line":56,"column":3}}},"1":{"name":"(anonymous_2)","decl":{"start":{"line":60,"column":21},"end":{"line":60,"column":24}},"loc":{"start":{"line":60,"column":26},"end":{"line":62,"column":3}}}},"branchMap":{"0":{"loc":{"start":{"line":59,"column":0},"end":{"line":63,"column":1}},"type":"if","locations":[{"start":{"line":59,"column":0},"end":{"line":63,"column":1}},{"start":{},"end":{}}]}},"s":{"0":1,"1":1,"2":1,"3":1,"4":1,"5":1,"6":1,"7":1,"8":1,"9":1,"10":1,"11":1,"12":1,"13":1,"14":1,"15":1,"16":1,"17":1,"18":1,"19":1,"20":1,"21":1,"22":1,"23":1,"24":1,"25":1,"26":1,"27":1,"28":1,"29":1,"30":0,"31":1,"32":0,"33":0,"34":1},"f":{"0":0,"1":0},"b":{"0":[0,1]}}
,"C:\\Users\\USER\\Desktop\\CloudVault\\src\\controllers\\admin.controller.ts": {"path":"C:\\Users\\USER\\Desktop\\CloudVault\\src\\controllers\\admin.controller.ts","statementMap":{"0":{"start":{"line":2,"column":0},"end":{"line":2,"column":58}},"1":{"start":{"line":5,"column":31},"end":{"line":16,"column":2}},"2":{"start":{"line":5,"column":69},"end":{"line":16,"column":2}},"3":{"start":{"line":6,"column":2},"end":{"line":15,"column":3}},"4":{"start":{"line":7,"column":17},"end":{"line":7,"column":55}},"5":{"start":{"line":8,"column":4},"end":{"line":8,"column":74}},"6":{"start":{"line":10,"column":4},"end":{"line":14,"column":5}},"7":{"start":{"line":11,"column":6},"end":{"line":11,"column":47}},"8":{"start":{"line":13,"column":6},"end":{"line":13,"column":63}},"9":{"start":{"line":5,"column":13},"end":{"line":5,"column":31}},"10":{"start":{"line":18,"column":24},"end":{"line":49,"column":2}},"11":{"start":{"line":18,"column":62},"end":{"line":49,"column":2}},"12":{"start":{"line":19,"column":2},"end":{"line":48,"column":3}},"13":{"start":{"line":20,"column":23},"end":{"line":20,"column":33}},"14":{"start":{"line":22,"column":20},"end":{"line":22,"column":36}},"15":{"start":{"line":24,"column":4},"end":{"line":26,"column":5}},"16":{"start":{"line":25,"column":6},"end":{"line":25,"column":83}},"17":{"start":{"line":28,"column":18},"end":{"line":32,"column":6}},"18":{"start":{"line":34,"column":17},"end":{"line":34,"column":51}},"19":{"start":{"line":36,"column":23},"end":{"line":38,"column":null}},"20":{"start":{"line":41,"column":4},"end":{"line":41,"column":59}},"21":{"start":{"line":43,"column":4},"end":{"line":47,"column":5}},"22":{"start":{"line":44,"column":6},"end":{"line":44,"column":47}},"23":{"start":{"line":46,"column":6},"end":{"line":46,"column":63}},"24":{"start":{"line":18,"column":13},"end":{"line":18,"column":24}},"25":{"start":{"line":51,"column":32},"end":{"line":88,"column":2}},"26":{"start":{"line":51,"column":70},"end":{"line":88,"column":2}},"27":{"start":{"line":52,"column":2},"end":{"line":87,"column":3}},"28":{"start":{"line":53,"column":23},"end":{"line":53,"column":33}},"29":{"start":{"line":55,"column":23},"end":{"line":55,"column":31}},"30":{"start":{"line":57,"column":4},"end":{"line":59,"column":5}},"31":{"start":{"line":58,"column":6},"end":{"line":58,"column":67}},"32":{"start":{"line":61,"column":20},"end":{"line":61,"column":36}},"33":{"start":{"line":63,"column":4},"end":{"line":65,"column":5}},"34":{"start":{"line":64,"column":6},"end":{"line":64,"column":83}},"35":{"start":{"line":67,"column":18},"end":{"line":71,"column":null}},"36":{"start":{"line":73,"column":17},"end":{"line":73,"column":59}},"37":{"start":{"line":75,"column":23},"end":{"line":77,"column":null}},"38":{"start":{"line":80,"column":4},"end":{"line":80,"column":59}},"39":{"start":{"line":82,"column":4},"end":{"line":86,"column":5}},"40":{"start":{"line":83,"column":6},"end":{"line":83,"column":47}},"41":{"start":{"line":85,"column":6},"end":{"line":85,"column":63}},"42":{"start":{"line":51,"column":13},"end":{"line":51,"column":32}},"43":{"start":{"line":90,"column":26},"end":{"line":121,"column":2}},"44":{"start":{"line":90,"column":64},"end":{"line":121,"column":2}},"45":{"start":{"line":91,"column":2},"end":{"line":120,"column":3}},"46":{"start":{"line":92,"column":23},"end":{"line":92,"column":33}},"47":{"start":{"line":94,"column":20},"end":{"line":94,"column":36}},"48":{"start":{"line":96,"column":4},"end":{"line":98,"column":5}},"49":{"start":{"line":97,"column":6},"end":{"line":97,"column":83}},"50":{"start":{"line":100,"column":18},"end":{"line":104,"column":6}},"51":{"start":{"line":106,"column":17},"end":{"line":106,"column":53}},"52":{"start":{"line":108,"column":23},"end":{"line":110,"column":null}},"53":{"start":{"line":113,"column":4},"end":{"line":113,"column":40}},"54":{"start":{"line":115,"column":4},"end":{"line":119,"column":5}},"55":{"start":{"line":116,"column":6},"end":{"line":116,"column":47}},"56":{"start":{"line":118,"column":6},"end":{"line":118,"column":63}},"57":{"start":{"line":90,"column":13},"end":{"line":90,"column":26}}},"fnMap":{"0":{"name":"(anonymous_16)","decl":{"start":{"line":5,"column":31},"end":{"line":5,"column":38}},"loc":{"start":{"line":5,"column":69},"end":{"line":16,"column":2}}},"1":{"name":"(anonymous_17)","decl":{"start":{"line":5,"column":69},"end":{"line":5,"column":null}},"loc":{"start":{"line":5,"column":69},"end":{"line":16,"column":1}}},"2":{"name":"(anonymous_18)","decl":{"start":{"line":18,"column":24},"end":{"line":18,"column":31}},"loc":{"start":{"line":18,"column":62},"end":{"line":49,"column":2}}},"3":{"name":"(anonymous_19)","decl":{"start":{"line":18,"column":62},"end":{"line":18,"column":null}},"loc":{"start":{"line":18,"column":62},"end":{"line":49,"column":1}}},"4":{"name":"(anonymous_20)","decl":{"start":{"line":51,"column":32},"end":{"line":51,"column":39}},"loc":{"start":{"line":51,"column":70},"end":{"line":88,"column":2}}},"5":{"name":"(anonymous_21)","decl":{"start":{"line":51,"column":70},"end":{"line":51,"column":null}},"loc":{"start":{"line":51,"column":70},"end":{"line":88,"column":1}}},"6":{"name":"(anonymous_22)","decl":{"start":{"line":90,"column":26},"end":{"line":90,"column":33}},"loc":{"start":{"line":90,"column":64},"end":{"line":121,"column":2}}},"7":{"name":"(anonymous_23)","decl":{"start":{"line":90,"column":64},"end":{"line":90,"column":null}},"loc":{"start":{"line":90,"column":64},"end":{"line":121,"column":1}}}},"branchMap":{"0":{"loc":{"start":{"line":10,"column":4},"end":{"line":14,"column":5}},"type":"if","locations":[{"start":{"line":10,"column":4},"end":{"line":14,"column":5}},{"start":{"line":12,"column":11},"end":{"line":14,"column":5}}]},"1":{"loc":{"start":{"line":22,"column":20},"end":{"line":22,"column":36}},"type":"cond-expr","locations":[{"start":{"line":22,"column":28},"end":{"line":22,"column":30}},{"start":{"line":22,"column":28},"end":{"line":22,"column":36}}]},"2":{"loc":{"start":{"line":22,"column":20},"end":{"line":22,"column":30}},"type":"binary-expr","locations":[{"start":{"line":22,"column":20},"end":{"line":22,"column":30}},{"start":{"line":22,"column":28},"end":{"line":22,"column":30}}]},"3":{"loc":{"start":{"line":24,"column":4},"end":{"line":26,"column":5}},"type":"if","locations":[{"start":{"line":24,"column":4},"end":{"line":26,"column":5}},{"start":{},"end":{}}]},"4":{"loc":{"start":{"line":43,"column":4},"end":{"line":47,"column":5}},"type":"if","locations":[{"start":{"line":43,"column":4},"end":{"line":47,"column":5}},{"start":{"line":45,"column":11},"end":{"line":47,"column":5}}]},"5":{"loc":{"start":{"line":57,"column":4},"end":{"line":59,"column":5}},"type":"if","locations":[{"start":{"line":57,"column":4},"end":{"line":59,"column":5}},{"start":{},"end":{}}]},"6":{"loc":{"start":{"line":61,"column":20},"end":{"line":61,"column":36}},"type":"cond-expr","locations":[{"start":{"line":61,"column":28},"end":{"line":61,"column":30}},{"start":{"line":61,"column":28},"end":{"line":61,"column":36}}]},"7":{"loc":{"start":{"line":61,"column":20},"end":{"line":61,"column":30}},"type":"binary-expr","locations":[{"start":{"line":61,"column":20},"end":{"line":61,"column":30}},{"start":{"line":61,"column":28},"end":{"line":61,"column":30}}]},"8":{"loc":{"start":{"line":63,"column":4},"end":{"line":65,"column":5}},"type":"if","locations":[{"start":{"line":63,"column":4},"end":{"line":65,"column":5}},{"start":{},"end":{}}]},"9":{"loc":{"start":{"line":82,"column":4},"end":{"line":86,"column":5}},"type":"if","locations":[{"start":{"line":82,"column":4},"end":{"line":86,"column":5}},{"start":{"line":84,"column":11},"end":{"line":86,"column":5}}]},"10":{"loc":{"start":{"line":94,"column":20},"end":{"line":94,"column":36}},"type":"cond-expr","locations":[{"start":{"line":94,"column":28},"end":{"line":94,"column":30}},{"start":{"line":94,"column":28},"end":{"line":94,"column":36}}]},"11":{"loc":{"start":{"line":94,"column":20},"end":{"line":94,"column":30}},"type":"binary-expr","locations":[{"start":{"line":94,"column":20},"end":{"line":94,"column":30}},{"start":{"line":94,"column":28},"end":{"line":94,"column":30}}]},"12":{"loc":{"start":{"line":96,"column":4},"end":{"line":98,"column":5}},"type":"if","locations":[{"start":{"line":96,"column":4},"end":{"line":98,"column":5}},{"start":{},"end":{}}]},"13":{"loc":{"start":{"line":115,"column":4},"end":{"line":119,"column":5}},"type":"if","locations":[{"start":{"line":115,"column":4},"end":{"line":119,"column":5}},{"start":{"line":117,"column":11},"end":{"line":119,"column":5}}]}},"s":{"0":1,"1":1,"2":0,"3":0,"4":0,"5":0,"6":0,"7":0,"8":0,"9":1,"10":1,"11":0,"12":0,"13":0,"14":0,"15":0,"16":0,"17":0,"18":0,"19":0,"20":0,"21":0,"22":0,"23":0,"24":1,"25":1,"26":0,"27":0,"28":0,"29":0,"30":0,"31":0,"32":0,"33":0,"34":0,"35":0,"36":0,"37":0,"38":0,"39":0,"40":0,"41":0,"42":1,"43":1,"44":0,"45":0,"46":0,"47":0,"48":0,"49":0,"50":0,"51":0,"52":0,"53":0,"54":0,"55":0,"56":0,"57":1},"f":{"0":0,"1":0,"2":0,"3":0,"4":0,"5":0,"6":0,"7":0},"b":{"0":[0,0],"1":[0,0],"2":[0,0],"3":[0,0],"4":[0,0],"5":[0,0],"6":[0,0],"7":[0,0],"8":[0,0],"9":[0,0],"10":[0,0],"11":[0,0],"12":[0,0],"13":[0,0]}}
,"C:\\Users\\USER\\Desktop\\CloudVault\\src\\controllers\\auth.controller.ts": {"path":"C:\\Users\\USER\\Desktop\\CloudVault\\src\\controllers\\auth.controller.ts","statementMap":{"0":{"start":{"line":2,"column":0},"end":{"line":2,"column":56}},"1":{"start":{"line":3,"column":0},"end":{"line":3,"column":50}},"2":{"start":{"line":5,"column":28},"end":{"line":17,"column":2}},"3":{"start":{"line":5,"column":66},"end":{"line":17,"column":2}},"4":{"start":{"line":6,"column":2},"end":{"line":16,"column":3}},"5":{"start":{"line":8,"column":17},"end":{"line":8,"column":55}},"6":{"start":{"line":9,"column":4},"end":{"line":9,"column":74}},"7":{"start":{"line":11,"column":4},"end":{"line":15,"column":5}},"8":{"start":{"line":12,"column":6},"end":{"line":12,"column":47}},"9":{"start":{"line":14,"column":6},"end":{"line":14,"column":63}},"10":{"start":{"line":5,"column":13},"end":{"line":5,"column":28}},"11":{"start":{"line":19,"column":25},"end":{"line":30,"column":2}},"12":{"start":{"line":19,"column":63},"end":{"line":30,"column":2}},"13":{"start":{"line":20,"column":2},"end":{"line":29,"column":3}},"14":{"start":{"line":21,"column":17},"end":{"line":21,"column":54}},"15":{"start":{"line":22,"column":4},"end":{"line":22,"column":73}},"16":{"start":{"line":24,"column":4},"end":{"line":28,"column":5}},"17":{"start":{"line":25,"column":6},"end":{"line":25,"column":47}},"18":{"start":{"line":27,"column":6},"end":{"line":27,"column":63}},"19":{"start":{"line":19,"column":13},"end":{"line":19,"column":25}},"20":{"start":{"line":32,"column":22},"end":{"line":39,"column":2}},"21":{"start":{"line":32,"column":60},"end":{"line":39,"column":2}},"22":{"start":{"line":33,"column":2},"end":{"line":36,"column":3}},"23":{"start":{"line":34,"column":24},"end":{"line":34,"column":50}},"24":{"start":{"line":35,"column":4},"end":{"line":35,"column":59}},"25":{"start":{"line":38,"column":2},"end":{"line":38,"column":63}},"26":{"start":{"line":32,"column":13},"end":{"line":32,"column":22}}},"fnMap":{"0":{"name":"(anonymous_16)","decl":{"start":{"line":5,"column":28},"end":{"line":5,"column":35}},"loc":{"start":{"line":5,"column":66},"end":{"line":17,"column":2}}},"1":{"name":"(anonymous_17)","decl":{"start":{"line":5,"column":66},"end":{"line":5,"column":null}},"loc":{"start":{"line":5,"column":66},"end":{"line":17,"column":1}}},"2":{"name":"(anonymous_18)","decl":{"start":{"line":19,"column":25},"end":{"line":19,"column":32}},"loc":{"start":{"line":19,"column":63},"end":{"line":30,"column":2}}},"3":{"name":"(anonymous_19)","decl":{"start":{"line":19,"column":63},"end":{"line":19,"column":null}},"loc":{"start":{"line":19,"column":63},"end":{"line":30,"column":1}}},"4":{"name":"(anonymous_20)","decl":{"start":{"line":32,"column":22},"end":{"line":32,"column":29}},"loc":{"start":{"line":32,"column":60},"end":{"line":39,"column":2}}},"5":{"name":"(anonymous_21)","decl":{"start":{"line":32,"column":60},"end":{"line":32,"column":null}},"loc":{"start":{"line":32,"column":60},"end":{"line":39,"column":1}}}},"branchMap":{"0":{"loc":{"start":{"line":11,"column":4},"end":{"line":15,"column":5}},"type":"if","locations":[{"start":{"line":11,"column":4},"end":{"line":15,"column":5}},{"start":{"line":13,"column":11},"end":{"line":15,"column":5}}]},"1":{"loc":{"start":{"line":24,"column":4},"end":{"line":28,"column":5}},"type":"if","locations":[{"start":{"line":24,"column":4},"end":{"line":28,"column":5}},{"start":{"line":26,"column":11},"end":{"line":28,"column":5}}]},"2":{"loc":{"start":{"line":33,"column":2},"end":{"line":36,"column":3}},"type":"if","locations":[{"start":{"line":33,"column":2},"end":{"line":36,"column":3}},{"start":{},"end":{}}]},"3":{"loc":{"start":{"line":33,"column":6},"end":{"line":33,"column":25}},"type":"cond-expr","locations":[{"start":{"line":33,"column":14},"end":{"line":33,"column":16}},{"start":{"line":33,"column":14},"end":{"line":33,"column":25}}]},"4":{"loc":{"start":{"line":33,"column":6},"end":{"line":33,"column":16}},"type":"binary-expr","locations":[{"start":{"line":33,"column":6},"end":{"line":33,"column":16}},{"start":{"line":33,"column":14},"end":{"line":33,"column":16}}]}},"s":{"0":1,"1":1,"2":1,"3":1,"4":1,"5":1,"6":1,"7":0,"8":0,"9":0,"10":1,"11":1,"12":0,"13":0,"14":0,"15":0,"16":0,"17":0,"18":0,"19":1,"20":1,"21":0,"22":0,"23":0,"24":0,"25":0,"26":1},"f":{"0":1,"1":1,"2":0,"3":0,"4":0,"5":0},"b":{"0":[0,0],"1":[0,0],"2":[0,0],"3":[0,0],"4":[0,0]}}
,"C:\\Users\\USER\\Desktop\\CloudVault\\src\\controllers\\upload.controller.ts": {"path":"C:\\Users\\USER\\Desktop\\CloudVault\\src\\controllers\\upload.controller.ts","statementMap":{"0":{"start":{"line":2,"column":0},"end":{"line":2,"column":59}},"1":{"start":{"line":3,"column":0},"end":{"line":3,"column":35}},"2":{"start":{"line":5,"column":22},"end":{"line":5,"column":41}},"3":{"start":{"line":7,"column":32},"end":{"line":30,"column":2}},"4":{"start":{"line":7,"column":70},"end":{"line":30,"column":2}},"5":{"start":{"line":8,"column":2},"end":{"line":29,"column":3}},"6":{"start":{"line":9,"column":17},"end":{"line":9,"column":25}},"7":{"start":{"line":11,"column":23},"end":{"line":11,"column":65}},"8":{"start":{"line":13,"column":4},"end":{"line":15,"column":5}},"9":{"start":{"line":14,"column":6},"end":{"line":14,"column":67}},"10":{"start":{"line":17,"column":4},"end":{"line":19,"column":5}},"11":{"start":{"line":18,"column":6},"end":{"line":18,"column":44}},"12":{"start":{"line":21,"column":19},"end":{"line":21,"column":34}},"13":{"start":{"line":23,"column":19},"end":{"line":23,"column":90}},"14":{"start":{"line":25,"column":4},"end":{"line":25,"column":40}},"15":{"start":{"line":28,"column":4},"end":{"line":28,"column":84}},"16":{"start":{"line":7,"column":13},"end":{"line":7,"column":32}},"17":{"start":{"line":32,"column":35},"end":{"line":47,"column":2}},"18":{"start":{"line":32,"column":73},"end":{"line":47,"column":2}},"19":{"start":{"line":33,"column":2},"end":{"line":46,"column":3}},"20":{"start":{"line":34,"column":20},"end":{"line":34,"column":29}},"21":{"start":{"line":36,"column":4},"end":{"line":38,"column":5}},"22":{"start":{"line":37,"column":6},"end":{"line":37,"column":71}},"23":{"start":{"line":40,"column":16},"end":{"line":40,"column":78}},"24":{"start":{"line":42,"column":4},"end":{"line":42,"column":41}},"25":{"start":{"line":44,"column":4},"end":{"line":44,"column":58}},"26":{"start":{"line":45,"column":4},"end":{"line":45,"column":102}},"27":{"start":{"line":32,"column":13},"end":{"line":32,"column":35}},"28":{"start":{"line":49,"column":35},"end":{"line":62,"column":2}},"29":{"start":{"line":49,"column":73},"end":{"line":62,"column":2}},"30":{"start":{"line":50,"column":2},"end":{"line":61,"column":3}},"31":{"start":{"line":51,"column":18},"end":{"line":51,"column":52}},"32":{"start":{"line":52,"column":4},"end":{"line":54,"column":5}},"33":{"start":{"line":53,"column":6},"end":{"line":53,"column":68}},"34":{"start":{"line":56,"column":19},"end":{"line":56,"column":73}},"35":{"start":{"line":57,"column":4},"end":{"line":57,"column":40}},"36":{"start":{"line":59,"column":4},"end":{"line":59,"column":52}},"37":{"start":{"line":60,"column":4},"end":{"line":60,"column":93}},"38":{"start":{"line":49,"column":13},"end":{"line":49,"column":35}}},"fnMap":{"0":{"name":"(anonymous_7)","decl":{"start":{"line":7,"column":32},"end":{"line":7,"column":39}},"loc":{"start":{"line":7,"column":70},"end":{"line":30,"column":2}}},"1":{"name":"(anonymous_8)","decl":{"start":{"line":7,"column":70},"end":{"line":7,"column":null}},"loc":{"start":{"line":7,"column":70},"end":{"line":30,"column":1}}},"2":{"name":"(anonymous_9)","decl":{"start":{"line":32,"column":35},"end":{"line":32,"column":42}},"loc":{"start":{"line":32,"column":73},"end":{"line":47,"column":2}}},"3":{"name":"(anonymous_10)","decl":{"start":{"line":32,"column":73},"end":{"line":32,"column":null}},"loc":{"start":{"line":32,"column":73},"end":{"line":47,"column":1}}},"4":{"name":"(anonymous_11)","decl":{"start":{"line":49,"column":35},"end":{"line":49,"column":42}},"loc":{"start":{"line":49,"column":73},"end":{"line":62,"column":2}}},"5":{"name":"(anonymous_12)","decl":{"start":{"line":49,"column":73},"end":{"line":49,"column":null}},"loc":{"start":{"line":49,"column":73},"end":{"line":62,"column":1}}}},"branchMap":{"0":{"loc":{"start":{"line":13,"column":4},"end":{"line":15,"column":5}},"type":"if","locations":[{"start":{"line":13,"column":4},"end":{"line":15,"column":5}},{"start":{},"end":{}}]},"1":{"loc":{"start":{"line":17,"column":4},"end":{"line":19,"column":5}},"type":"if","locations":[{"start":{"line":17,"column":4},"end":{"line":19,"column":5}},{"start":{},"end":{}}]},"2":{"loc":{"start":{"line":17,"column":9},"end":{"line":17,"column":26}},"type":"cond-expr","locations":[{"start":{"line":17,"column":18},"end":{"line":17,"column":20}},{"start":{"line":17,"column":18},"end":{"line":17,"column":26}}]},"3":{"loc":{"start":{"line":17,"column":9},"end":{"line":17,"column":20}},"type":"binary-expr","locations":[{"start":{"line":17,"column":9},"end":{"line":17,"column":20}},{"start":{"line":17,"column":18},"end":{"line":17,"column":20}}]},"4":{"loc":{"start":{"line":17,"column":9},"end":{"line":17,"column":18}},"type":"cond-expr","locations":[{"start":{"line":17,"column":12},"end":{"line":17,"column":14}},{"start":{"line":17,"column":9},"end":{"line":17,"column":18}}]},"5":{"loc":{"start":{"line":17,"column":9},"end":{"line":17,"column":14}},"type":"binary-expr","locations":[{"start":{"line":17,"column":9},"end":{"line":17,"column":14}},{"start":{"line":17,"column":9},"end":{"line":17,"column":14}}]},"6":{"loc":{"start":{"line":36,"column":4},"end":{"line":38,"column":5}},"type":"if","locations":[{"start":{"line":36,"column":4},"end":{"line":38,"column":5}},{"start":{},"end":{}}]},"7":{"loc":{"start":{"line":36,"column":8},"end":{"line":36,"column":39}},"type":"binary-expr","locations":[{"start":{"line":36,"column":8},"end":{"line":36,"column":12}},{"start":{"line":36,"column":16},"end":{"line":36,"column":39}}]},"8":{"loc":{"start":{"line":52,"column":4},"end":{"line":54,"column":5}},"type":"if","locations":[{"start":{"line":52,"column":4},"end":{"line":54,"column":5}},{"start":{},"end":{}}]},"9":{"loc":{"start":{"line":52,"column":8},"end":{"line":52,"column":36}},"type":"binary-expr","locations":[{"start":{"line":52,"column":8},"end":{"line":52,"column":14}},{"start":{"line":52,"column":18},"end":{"line":52,"column":36}}]}},"s":{"0":1,"1":1,"2":1,"3":1,"4":0,"5":0,"6":0,"7":0,"8":0,"9":0,"10":0,"11":0,"12":0,"13":0,"14":0,"15":0,"16":1,"17":1,"18":0,"19":0,"20":0,"21":0,"22":0,"23":0,"24":0,"25":0,"26":0,"27":1,"28":1,"29":0,"30":0,"31":0,"32":0,"33":0,"34":0,"35":0,"36":0,"37":0,"38":1},"f":{"0":0,"1":0,"2":0,"3":0,"4":0,"5":0},"b":{"0":[0,0],"1":[0,0],"2":[0,0],"3":[0,0],"4":[0,0],"5":[0,0],"6":[0,0],"7":[0,0],"8":[0,0],"9":[0,0]}}
,"C:\\Users\\USER\\Desktop\\CloudVault\\src\\lib\\prisma.ts": {"path":"C:\\Users\\USER\\Desktop\\CloudVault\\src\\lib\\prisma.ts","statementMap":{"0":{"start":{"line":1,"column":0},"end":{"line":1,"column":46}},"1":{"start":{"line":3,"column":15},"end":{"line":3,"column":33}},"2":{"start":{"line":5,"column":0},"end":{"line":5,"column":22}}},"fnMap":{},"branchMap":{},"s":{"0":1,"1":1,"2":1},"f":{},"b":{}}
,"C:\\Users\\USER\\Desktop\\CloudVault\\src\\lib\\redis.ts": {"path":"C:\\Users\\USER\\Desktop\\CloudVault\\src\\lib\\redis.ts","statementMap":{"0":{"start":{"line":1,"column":0},"end":{"line":1,"column":37}},"1":{"start":{"line":3,"column":19},"end":{"line":3,"column":69}},"2":{"start":{"line":5,"column":34},"end":{"line":13,"column":2}},"3":{"start":{"line":5,"column":45},"end":{"line":13,"column":2}},"4":{"start":{"line":6,"column":22},"end":{"line":10,"column":14}},"5":{"start":{"line":9,"column":24},"end":{"line":9,"column":62}},"6":{"start":{"line":12,"column":2},"end":{"line":12,"column":21}},"7":{"start":{"line":5,"column":13},"end":{"line":5,"column":34}},"8":{"start":{"line":15,"column":0},"end":{"line":17,"column":2}}},"fnMap":{"0":{"name":"(anonymous_7)","decl":{"start":{"line":5,"column":34},"end":{"line":5,"column":43}},"loc":{"start":{"line":5,"column":45},"end":{"line":13,"column":2}}},"1":{"name":"(anonymous_8)","decl":{"start":{"line":5,"column":45},"end":{"line":5,"column":null}},"loc":{"start":{"line":5,"column":45},"end":{"line":13,"column":1}}},"2":{"name":"(anonymous_9)","decl":{"start":{"line":9,"column":17},"end":{"line":9,"column":20}},"loc":{"start":{"line":9,"column":24},"end":{"line":9,"column":62}}}},"branchMap":{"0":{"loc":{"start":{"line":3,"column":19},"end":{"line":3,"column":69}},"type":"binary-expr","locations":[{"start":{"line":3,"column":19},"end":{"line":3,"column":41}},{"start":{"line":3,"column":45},"end":{"line":3,"column":69}}]}},"s":{"0":1,"1":1,"2":1,"3":2,"4":2,"5":0,"6":2,"7":1,"8":1},"f":{"0":2,"1":2,"2":0},"b":{"0":[1,0]}}
,"C:\\Users\\USER\\Desktop\\CloudVault\\src\\middlewares\\auth.middleware.ts": {"path":"C:\\Users\\USER\\Desktop\\CloudVault\\src\\middlewares\\auth.middleware.ts","statementMap":{"0":{"start":{"line":2,"column":0},"end":{"line":2,"column":31}},"1":{"start":{"line":3,"column":0},"end":{"line":3,"column":33}},"2":{"start":{"line":4,"column":0},"end":{"line":4,"column":50}},"3":{"start":{"line":5,"column":0},"end":{"line":5,"column":42}},"4":{"start":{"line":24,"column":32},"end":{"line":92,"column":2}},"5":{"start":{"line":28,"column":4},"end":{"line":92,"column":2}},"6":{"start":{"line":29,"column":2},"end":{"line":91,"column":3}},"7":{"start":{"line":30,"column":23},"end":{"line":30,"column":48}},"8":{"start":{"line":31,"column":4},"end":{"line":36,"column":5}},"9":{"start":{"line":32,"column":6},"end":{"line":35,"column":9}},"10":{"start":{"line":38,"column":18},"end":{"line":38,"column":42}},"11":{"start":{"line":39,"column":4},"end":{"line":44,"column":5}},"12":{"start":{"line":40,"column":6},"end":{"line":43,"column":9}},"13":{"start":{"line":46,"column":4},"end":{"line":48,"column":5}},"14":{"start":{"line":47,"column":6},"end":{"line":47,"column":54}},"15":{"start":{"line":50,"column":4},"end":{"line":84,"column":5}},"16":{"start":{"line":51,"column":22},"end":{"line":51,"column":75}},"17":{"start":{"line":53,"column":6},"end":{"line":55,"column":7}},"18":{"start":{"line":54,"column":8},"end":{"line":54,"column":65}},"19":{"start":{"line":57,"column":25},"end":{"line":57,"column":55}},"20":{"start":{"line":59,"column":26},"end":{"line":59,"column":52}},"21":{"start":{"line":61,"column":21},"end":{"line":61,"column":54}},"22":{"start":{"line":63,"column":6},"end":{"line":63,"column":77}},"23":{"start":{"line":63,"column":19},"end":{"line":63,"column":77}},"24":{"start":{"line":65,"column":6},"end":{"line":65,"column":29}},"25":{"start":{"line":67,"column":6},"end":{"line":67,"column":25}},"26":{"start":{"line":69,"column":6},"end":{"line":69,"column":13}},"27":{"start":{"line":71,"column":6},"end":{"line":76,"column":7}},"28":{"start":{"line":72,"column":8},"end":{"line":75,"column":11}},"29":{"start":{"line":77,"column":6},"end":{"line":82,"column":7}},"30":{"start":{"line":78,"column":8},"end":{"line":81,"column":11}},"31":{"start":{"line":83,"column":6},"end":{"line":83,"column":18}},"32":{"start":{"line":86,"column":4},"end":{"line":86,"column":51}},"33":{"start":{"line":87,"column":4},"end":{"line":90,"column":7}},"34":{"start":{"line":24,"column":13},"end":{"line":24,"column":32}},"35":{"start":{"line":94,"column":28},"end":{"line":107,"column":1}},"36":{"start":{"line":95,"column":2},"end":{"line":97,"column":3}},"37":{"start":{"line":96,"column":4},"end":{"line":96,"column":59}},"38":{"start":{"line":99,"column":2},"end":{"line":104,"column":3}},"39":{"start":{"line":100,"column":4},"end":{"line":103,"column":7}},"40":{"start":{"line":106,"column":2},"end":{"line":106,"column":9}},"41":{"start":{"line":94,"column":13},"end":{"line":94,"column":28}}},"fnMap":{"0":{"name":"(anonymous_8)","decl":{"start":{"line":24,"column":32},"end":{"line":24,"column":null}},"loc":{"start":{"line":28,"column":4},"end":{"line":92,"column":2}}},"1":{"name":"(anonymous_9)","decl":{"start":{"line":28,"column":4},"end":{"line":28,"column":null}},"loc":{"start":{"line":28,"column":4},"end":{"line":92,"column":1}}},"2":{"name":"(anonymous_10)","decl":{"start":{"line":94,"column":28},"end":{"line":94,"column":29}},"loc":{"start":{"line":94,"column":80},"end":{"line":107,"column":1}}}},"branchMap":{"0":{"loc":{"start":{"line":31,"column":4},"end":{"line":36,"column":5}},"type":"if","locations":[{"start":{"line":31,"column":4},"end":{"line":36,"column":5}},{"start":{},"end":{}}]},"1":{"loc":{"start":{"line":31,"column":9},"end":{"line":31,"column":42}},"type":"cond-expr","locations":[{"start":{"line":31,"column":19},"end":{"line":31,"column":21}},{"start":{"line":31,"column":9},"end":{"line":31,"column":42}}]},"2":{"loc":{"start":{"line":31,"column":9},"end":{"line":31,"column":21}},"type":"binary-expr","locations":[{"start":{"line":31,"column":9},"end":{"line":31,"column":21}},{"start":{"line":31,"column":9},"end":{"line":31,"column":21}}]},"3":{"loc":{"start":{"line":39,"column":4},"end":{"line":44,"column":5}},"type":"if","locations":[{"start":{"line":39,"column":4},"end":{"line":44,"column":5}},{"start":{},"end":{}}]},"4":{"loc":{"start":{"line":46,"column":4},"end":{"line":48,"column":5}},"type":"if","locations":[{"start":{"line":46,"column":4},"end":{"line":48,"column":5}},{"start":{},"end":{}}]},"5":{"loc":{"start":{"line":53,"column":6},"end":{"line":55,"column":7}},"type":"if","locations":[{"start":{"line":53,"column":6},"end":{"line":55,"column":7}},{"start":{},"end":{}}]},"6":{"loc":{"start":{"line":63,"column":6},"end":{"line":63,"column":77}},"type":"if","locations":[{"start":{"line":63,"column":6},"end":{"line":63,"column":77}},{"start":{},"end":{}}]},"7":{"loc":{"start":{"line":71,"column":6},"end":{"line":76,"column":7}},"type":"if","locations":[{"start":{"line":71,"column":6},"end":{"line":76,"column":7}},{"start":{},"end":{}}]},"8":{"loc":{"start":{"line":77,"column":6},"end":{"line":82,"column":7}},"type":"if","locations":[{"start":{"line":77,"column":6},"end":{"line":82,"column":7}},{"start":{},"end":{}}]},"9":{"loc":{"start":{"line":95,"column":2},"end":{"line":97,"column":3}},"type":"if","locations":[{"start":{"line":95,"column":2},"end":{"line":97,"column":3}},{"start":{},"end":{}}]},"10":{"loc":{"start":{"line":99,"column":2},"end":{"line":104,"column":3}},"type":"if","locations":[{"start":{"line":99,"column":2},"end":{"line":104,"column":3}},{"start":{},"end":{}}]}},"s":{"0":1,"1":1,"2":1,"3":1,"4":1,"5":0,"6":0,"7":0,"8":0,"9":0,"10":0,"11":0,"12":0,"13":0,"14":0,"15":0,"16":0,"17":0,"18":0,"19":0,"20":0,"21":0,"22":0,"23":0,"24":0,"25":0,"26":0,"27":0,"28":0,"29":0,"30":0,"31":0,"32":0,"33":0,"34":1,"35":1,"36":0,"37":0,"38":0,"39":0,"40":0,"41":1},"f":{"0":0,"1":0,"2":0},"b":{"0":[0,0],"1":[0,0],"2":[0,0],"3":[0,0],"4":[0,0],"5":[0,0],"6":[0,0],"7":[0,0],"8":[0,0],"9":[0,0],"10":[0,0]}}
,"C:\\Users\\USER\\Desktop\\CloudVault\\src\\routes\\Admin\\flagFile.router.ts": {"path":"C:\\Users\\USER\\Desktop\\CloudVault\\src\\routes\\Admin\\flagFile.router.ts","statementMap":{"0":{"start":{"line":2,"column":0},"end":{"line":2,"column":31}},"1":{"start":{"line":3,"column":0},"end":{"line":3,"column":28}},"2":{"start":{"line":5,"column":0},"end":{"line":5,"column":83}},"3":{"start":{"line":6,"column":0},"end":{"line":6,"column":38}},"4":{"start":{"line":7,"column":0},"end":{"line":7,"column":71}},"5":{"start":{"line":9,"column":0},"end":{"line":9,"column":16}},"6":{"start":{"line":11,"column":12},"end":{"line":11,"column":22}},"7":{"start":{"line":13,"column":15},"end":{"line":13,"column":23}},"8":{"start":{"line":22,"column":18},"end":{"line":22,"column":32}},"9":{"start":{"line":15,"column":0},"end":{"line":20,"column":2}}},"fnMap":{},"branchMap":{},"s":{"0":1,"1":1,"2":1,"3":1,"4":1,"5":1,"6":1,"7":1,"8":1,"9":1},"f":{},"b":{}}
,"C:\\Users\\USER\\Desktop\\CloudVault\\src\\routes\\Admin\\flagFileAsUnsafe.router.ts": {"path":"C:\\Users\\USER\\Desktop\\CloudVault\\src\\routes\\Admin\\flagFileAsUnsafe.router.ts","statementMap":{"0":{"start":{"line":2,"column":0},"end":{"line":2,"column":31}},"1":{"start":{"line":3,"column":0},"end":{"line":3,"column":28}},"2":{"start":{"line":5,"column":0},"end":{"line":5,"column":83}},"3":{"start":{"line":6,"column":0},"end":{"line":6,"column":38}},"4":{"start":{"line":7,"column":0},"end":{"line":7,"column":71}},"5":{"start":{"line":9,"column":0},"end":{"line":9,"column":16}},"6":{"start":{"line":11,"column":12},"end":{"line":11,"column":22}},"7":{"start":{"line":13,"column":15},"end":{"line":13,"column":23}},"8":{"start":{"line":23,"column":18},"end":{"line":23,"column":40}},"9":{"start":{"line":16,"column":0},"end":{"line":21,"column":2}}},"fnMap":{},"branchMap":{},"s":{"0":1,"1":1,"2":1,"3":1,"4":1,"5":1,"6":1,"7":1,"8":1,"9":1},"f":{},"b":{}}
,"C:\\Users\\USER\\Desktop\\CloudVault\\src\\routes\\Admin\\getPendingUploads.router.ts": {"path":"C:\\Users\\USER\\Desktop\\CloudVault\\src\\routes\\Admin\\getPendingUploads.router.ts","statementMap":{"0":{"start":{"line":1,"column":0},"end":{"line":1,"column":33}},"1":{"start":{"line":2,"column":0},"end":{"line":2,"column":83}},"2":{"start":{"line":3,"column":0},"end":{"line":3,"column":69}},"3":{"start":{"line":4,"column":0},"end":{"line":4,"column":28}},"4":{"start":{"line":5,"column":0},"end":{"line":5,"column":38}},"5":{"start":{"line":7,"column":0},"end":{"line":7,"column":16}},"6":{"start":{"line":9,"column":12},"end":{"line":9,"column":22}},"7":{"start":{"line":11,"column":15},"end":{"line":11,"column":23}},"8":{"start":{"line":15,"column":19},"end":{"line":15,"column":40}},"9":{"start":{"line":13,"column":0},"end":{"line":13,"column":94}}},"fnMap":{},"branchMap":{},"s":{"0":1,"1":1,"2":1,"3":1,"4":1,"5":1,"6":1,"7":1,"8":1,"9":1},"f":{},"b":{}}
,"C:\\Users\\USER\\Desktop\\CloudVault\\src\\routes\\Admin\\unflagFile.router.ts": {"path":"C:\\Users\\USER\\Desktop\\CloudVault\\src\\routes\\Admin\\unflagFile.router.ts","statementMap":{"0":{"start":{"line":2,"column":0},"end":{"line":2,"column":31}},"1":{"start":{"line":3,"column":0},"end":{"line":3,"column":28}},"2":{"start":{"line":4,"column":0},"end":{"line":4,"column":83}},"3":{"start":{"line":5,"column":0},"end":{"line":5,"column":38}},"4":{"start":{"line":6,"column":0},"end":{"line":6,"column":71}},"5":{"start":{"line":8,"column":0},"end":{"line":8,"column":16}},"6":{"start":{"line":10,"column":12},"end":{"line":10,"column":22}},"7":{"start":{"line":12,"column":15},"end":{"line":12,"column":23}},"8":{"start":{"line":22,"column":18},"end":{"line":22,"column":34}},"9":{"start":{"line":15,"column":0},"end":{"line":20,"column":2}}},"fnMap":{},"branchMap":{},"s":{"0":1,"1":1,"2":1,"3":1,"4":1,"5":1,"6":1,"7":1,"8":1,"9":1},"f":{},"b":{}}
,"C:\\Users\\USER\\Desktop\\CloudVault\\src\\routes\\Auth\\signIn.router.ts": {"path":"C:\\Users\\USER\\Desktop\\CloudVault\\src\\routes\\Auth\\signIn.router.ts","statementMap":{"0":{"start":{"line":1,"column":0},"end":{"line":1,"column":31}},"1":{"start":{"line":2,"column":0},"end":{"line":2,"column":28}},"2":{"start":{"line":3,"column":0},"end":{"line":3,"column":68}},"3":{"start":{"line":4,"column":0},"end":{"line":4,"column":67}},"4":{"start":{"line":5,"column":0},"end":{"line":5,"column":38}},"5":{"start":{"line":7,"column":0},"end":{"line":7,"column":16}},"6":{"start":{"line":9,"column":12},"end":{"line":9,"column":22}},"7":{"start":{"line":11,"column":15},"end":{"line":11,"column":23}},"8":{"start":{"line":19,"column":18},"end":{"line":19,"column":30}},"9":{"start":{"line":13,"column":0},"end":{"line":17,"column":2}}},"fnMap":{},"branchMap":{},"s":{"0":1,"1":1,"2":1,"3":1,"4":1,"5":1,"6":1,"7":1,"8":1,"9":1},"f":{},"b":{}}
,"C:\\Users\\USER\\Desktop\\CloudVault\\src\\routes\\Auth\\signOut.router.ts": {"path":"C:\\Users\\USER\\Desktop\\CloudVault\\src\\routes\\Auth\\signOut.router.ts","statementMap":{"0":{"start":{"line":1,"column":0},"end":{"line":1,"column":31}},"1":{"start":{"line":2,"column":0},"end":{"line":2,"column":28}},"2":{"start":{"line":3,"column":0},"end":{"line":3,"column":68}},"3":{"start":{"line":4,"column":0},"end":{"line":4,"column":38}},"4":{"start":{"line":5,"column":0},"end":{"line":5,"column":69}},"5":{"start":{"line":7,"column":0},"end":{"line":7,"column":16}},"6":{"start":{"line":9,"column":12},"end":{"line":9,"column":22}},"7":{"start":{"line":11,"column":15},"end":{"line":11,"column":23}},"8":{"start":{"line":19,"column":18},"end":{"line":19,"column":31}},"9":{"start":{"line":13,"column":0},"end":{"line":17,"column":2}}},"fnMap":{},"branchMap":{},"s":{"0":1,"1":1,"2":1,"3":1,"4":1,"5":1,"6":1,"7":1,"8":1,"9":1},"f":{},"b":{}}
,"C:\\Users\\USER\\Desktop\\CloudVault\\src\\routes\\Auth\\signUp.router.ts": {"path":"C:\\Users\\USER\\Desktop\\CloudVault\\src\\routes\\Auth\\signUp.router.ts","statementMap":{"0":{"start":{"line":1,"column":0},"end":{"line":1,"column":31}},"1":{"start":{"line":2,"column":0},"end":{"line":2,"column":28}},"2":{"start":{"line":3,"column":0},"end":{"line":3,"column":68}},"3":{"start":{"line":4,"column":0},"end":{"line":4,"column":67}},"4":{"start":{"line":5,"column":0},"end":{"line":5,"column":38}},"5":{"start":{"line":7,"column":0},"end":{"line":7,"column":16}},"6":{"start":{"line":8,"column":12},"end":{"line":8,"column":22}},"7":{"start":{"line":10,"column":15},"end":{"line":10,"column":23}},"8":{"start":{"line":17,"column":18},"end":{"line":17,"column":30}},"9":{"start":{"line":11,"column":0},"end":{"line":15,"column":2}}},"fnMap":{},"branchMap":{},"s":{"0":1,"1":1,"2":1,"3":1,"4":1,"5":1,"6":1,"7":1,"8":1,"9":1},"f":{},"b":{}}
,"C:\\Users\\USER\\Desktop\\CloudVault\\src\\routes\\Files\\downloadFile.router.ts": {"path":"C:\\Users\\USER\\Desktop\\CloudVault\\src\\routes\\Files\\downloadFile.router.ts","statementMap":{"0":{"start":{"line":1,"column":0},"end":{"line":1,"column":31}},"1":{"start":{"line":2,"column":0},"end":{"line":2,"column":28}},"2":{"start":{"line":3,"column":0},"end":{"line":3,"column":28}},"3":{"start":{"line":4,"column":0},"end":{"line":4,"column":69}},"4":{"start":{"line":5,"column":0},"end":{"line":5,"column":74}},"5":{"start":{"line":6,"column":0},"end":{"line":6,"column":38}},"6":{"start":{"line":8,"column":0},"end":{"line":8,"column":16}},"7":{"start":{"line":9,"column":12},"end":{"line":9,"column":22}},"8":{"start":{"line":11,"column":15},"end":{"line":11,"column":23}},"9":{"start":{"line":17,"column":18},"end":{"line":17,"column":36}},"10":{"start":{"line":13,"column":15},"end":{"line":13,"column":23}},"11":{"start":{"line":15,"column":0},"end":{"line":15,"column":93}}},"fnMap":{},"branchMap":{},"s":{"0":1,"1":1,"2":1,"3":1,"4":1,"5":1,"6":1,"7":1,"8":1,"9":1,"10":1,"11":1},"f":{},"b":{}}
,"C:\\Users\\USER\\Desktop\\CloudVault\\src\\routes\\Files\\uploadFile.router.ts": {"path":"C:\\Users\\USER\\Desktop\\CloudVault\\src\\routes\\Files\\uploadFile.router.ts","statementMap":{"0":{"start":{"line":2,"column":0},"end":{"line":2,"column":31}},"1":{"start":{"line":3,"column":0},"end":{"line":3,"column":28}},"2":{"start":{"line":4,"column":0},"end":{"line":4,"column":28}},"3":{"start":{"line":5,"column":0},"end":{"line":5,"column":69}},"4":{"start":{"line":6,"column":0},"end":{"line":6,"column":71}},"5":{"start":{"line":7,"column":0},"end":{"line":7,"column":38}},"6":{"start":{"line":8,"column":0},"end":{"line":8,"column":89}},"7":{"start":{"line":10,"column":0},"end":{"line":10,"column":16}},"8":{"start":{"line":12,"column":12},"end":{"line":12,"column":22}},"9":{"start":{"line":14,"column":15},"end":{"line":14,"column":23}},"10":{"start":{"line":27,"column":18},"end":{"line":27,"column":34}},"11":{"start":{"line":16,"column":15},"end":{"line":16,"column":23}},"12":{"start":{"line":18,"column":0},"end":{"line":25,"column":2}}},"fnMap":{},"branchMap":{},"s":{"0":1,"1":1,"2":1,"3":1,"4":1,"5":1,"6":1,"7":1,"8":1,"9":1,"10":1,"11":1,"12":1},"f":{},"b":{}}
,"C:\\Users\\USER\\Desktop\\CloudVault\\src\\routes\\Files\\uploadFileToFolder.router.ts": {"path":"C:\\Users\\USER\\Desktop\\CloudVault\\src\\routes\\Files\\uploadFileToFolder.router.ts","statementMap":{"0":{"start":{"line":1,"column":0},"end":{"line":1,"column":31}},"1":{"start":{"line":2,"column":0},"end":{"line":2,"column":28}},"2":{"start":{"line":3,"column":0},"end":{"line":3,"column":28}},"3":{"start":{"line":4,"column":0},"end":{"line":4,"column":69}},"4":{"start":{"line":5,"column":0},"end":{"line":5,"column":71}},"5":{"start":{"line":6,"column":0},"end":{"line":6,"column":38}},"6":{"start":{"line":7,"column":0},"end":{"line":7,"column":89}},"7":{"start":{"line":9,"column":0},"end":{"line":9,"column":16}},"8":{"start":{"line":11,"column":12},"end":{"line":11,"column":22}},"9":{"start":{"line":13,"column":15},"end":{"line":13,"column":23}},"10":{"start":{"line":27,"column":18},"end":{"line":27,"column":42}},"11":{"start":{"line":15,"column":15},"end":{"line":15,"column":23}},"12":{"start":{"line":18,"column":0},"end":{"line":25,"column":2}}},"fnMap":{},"branchMap":{},"s":{"0":1,"1":1,"2":1,"3":1,"4":1,"5":1,"6":1,"7":1,"8":1,"9":1,"10":1,"11":1,"12":1},"f":{},"b":{}}
,"C:\\Users\\USER\\Desktop\\CloudVault\\src\\services\\admin.service.ts": {"path":"C:\\Users\\USER\\Desktop\\CloudVault\\src\\services\\admin.service.ts","statementMap":{"0":{"start":{"line":2,"column":0},"end":{"line":2,"column":35}},"1":{"start":{"line":3,"column":0},"end":{"line":3,"column":35}},"2":{"start":{"line":4,"column":0},"end":{"line":4,"column":49}},"3":{"start":{"line":7,"column":33},"end":{"line":29,"column":2}},"4":{"start":{"line":7,"column":44},"end":{"line":29,"column":2}},"5":{"start":{"line":8,"column":16},"end":{"line":27,"column":4}},"6":{"start":{"line":28,"column":2},"end":{"line":28,"column":15}},"7":{"start":{"line":7,"column":13},"end":{"line":7,"column":33}},"8":{"start":{"line":31,"column":24},"end":{"line":76,"column":2}},"9":{"start":{"line":31,"column":92},"end":{"line":76,"column":2}},"10":{"start":{"line":32,"column":38},"end":{"line":32,"column":43}},"11":{"start":{"line":34,"column":15},"end":{"line":37,"column":4}},"12":{"start":{"line":39,"column":2},"end":{"line":41,"column":3}},"13":{"start":{"line":40,"column":4},"end":{"line":40,"column":39}},"14":{"start":{"line":43,"column":2},"end":{"line":45,"column":3}},"15":{"start":{"line":44,"column":4},"end":{"line":44,"column":46}},"16":{"start":{"line":47,"column":2},"end":{"line":49,"column":3}},"17":{"start":{"line":48,"column":4},"end":{"line":48,"column":54}},"18":{"start":{"line":51,"column":17},"end":{"line":58,"column":4}},"19":{"start":{"line":61,"column":22},"end":{"line":68,"column":4}},"20":{"start":{"line":70,"column":2},"end":{"line":75,"column":4}},"21":{"start":{"line":31,"column":13},"end":{"line":31,"column":24}},"22":{"start":{"line":78,"column":32},"end":{"line":125,"column":2}},"23":{"start":{"line":78,"column":100},"end":{"line":125,"column":2}},"24":{"start":{"line":79,"column":40},"end":{"line":79,"column":45}},"25":{"start":{"line":81,"column":15},"end":{"line":84,"column":4}},"26":{"start":{"line":86,"column":2},"end":{"line":88,"column":3}},"27":{"start":{"line":87,"column":4},"end":{"line":87,"column":39}},"28":{"start":{"line":90,"column":2},"end":{"line":92,"column":3}},"29":{"start":{"line":91,"column":4},"end":{"line":91,"column":46}},"30":{"start":{"line":94,"column":17},"end":{"line":101,"column":4}},"31":{"start":{"line":103,"column":22},"end":{"line":113,"column":4}},"32":{"start":{"line":115,"column":24},"end":{"line":115,"column":43}},"33":{"start":{"line":117,"column":2},"end":{"line":117,"column":65}},"34":{"start":{"line":119,"column":2},"end":{"line":124,"column":4}},"35":{"start":{"line":78,"column":13},"end":{"line":78,"column":32}},"36":{"start":{"line":127,"column":26},"end":{"line":168,"column":2}},"37":{"start":{"line":127,"column":94},"end":{"line":168,"column":2}},"38":{"start":{"line":128,"column":40},"end":{"line":128,"column":45}},"39":{"start":{"line":130,"column":15},"end":{"line":133,"column":4}},"40":{"start":{"line":135,"column":2},"end":{"line":137,"column":3}},"41":{"start":{"line":136,"column":4},"end":{"line":136,"column":39}},"42":{"start":{"line":139,"column":2},"end":{"line":141,"column":3}},"43":{"start":{"line":140,"column":4},"end":{"line":140,"column":46}},"44":{"start":{"line":143,"column":17},"end":{"line":150,"column":4}},"45":{"start":{"line":153,"column":22},"end":{"line":160,"column":4}},"46":{"start":{"line":163,"column":2},"end":{"line":167,"column":4}},"47":{"start":{"line":127,"column":13},"end":{"line":127,"column":26}}},"fnMap":{"0":{"name":"(anonymous_8)","decl":{"start":{"line":7,"column":33},"end":{"line":7,"column":42}},"loc":{"start":{"line":7,"column":44},"end":{"line":29,"column":2}}},"1":{"name":"(anonymous_9)","decl":{"start":{"line":7,"column":44},"end":{"line":7,"column":null}},"loc":{"start":{"line":7,"column":44},"end":{"line":29,"column":1}}},"2":{"name":"(anonymous_10)","decl":{"start":{"line":31,"column":24},"end":{"line":31,"column":31}},"loc":{"start":{"line":31,"column":92},"end":{"line":76,"column":2}}},"3":{"name":"(anonymous_11)","decl":{"start":{"line":31,"column":92},"end":{"line":31,"column":null}},"loc":{"start":{"line":31,"column":92},"end":{"line":76,"column":1}}},"4":{"name":"(anonymous_12)","decl":{"start":{"line":78,"column":32},"end":{"line":78,"column":39}},"loc":{"start":{"line":78,"column":100},"end":{"line":125,"column":2}}},"5":{"name":"(anonymous_13)","decl":{"start":{"line":78,"column":100},"end":{"line":78,"column":null}},"loc":{"start":{"line":78,"column":100},"end":{"line":125,"column":1}}},"6":{"name":"(anonymous_14)","decl":{"start":{"line":127,"column":26},"end":{"line":127,"column":33}},"loc":{"start":{"line":127,"column":94},"end":{"line":168,"column":2}}},"7":{"name":"(anonymous_15)","decl":{"start":{"line":127,"column":94},"end":{"line":127,"column":null}},"loc":{"start":{"line":127,"column":94},"end":{"line":168,"column":1}}}},"branchMap":{"0":{"loc":{"start":{"line":39,"column":2},"end":{"line":41,"column":3}},"type":"if","locations":[{"start":{"line":39,"column":2},"end":{"line":41,"column":3}},{"start":{},"end":{}}]},"1":{"loc":{"start":{"line":43,"column":2},"end":{"line":45,"column":3}},"type":"if","locations":[{"start":{"line":43,"column":2},"end":{"line":45,"column":3}},{"start":{},"end":{}}]},"2":{"loc":{"start":{"line":47,"column":2},"end":{"line":49,"column":3}},"type":"if","locations":[{"start":{"line":47,"column":2},"end":{"line":49,"column":3}},{"start":{},"end":{}}]},"3":{"loc":{"start":{"line":86,"column":2},"end":{"line":88,"column":3}},"type":"if","locations":[{"start":{"line":86,"column":2},"end":{"line":88,"column":3}},{"start":{},"end":{}}]},"4":{"loc":{"start":{"line":90,"column":2},"end":{"line":92,"column":3}},"type":"if","locations":[{"start":{"line":90,"column":2},"end":{"line":92,"column":3}},{"start":{},"end":{}}]},"5":{"loc":{"start":{"line":135,"column":2},"end":{"line":137,"column":3}},"type":"if","locations":[{"start":{"line":135,"column":2},"end":{"line":137,"column":3}},{"start":{},"end":{}}]},"6":{"loc":{"start":{"line":139,"column":2},"end":{"line":141,"column":3}},"type":"if","locations":[{"start":{"line":139,"column":2},"end":{"line":141,"column":3}},{"start":{},"end":{}}]}},"s":{"0":1,"1":1,"2":1,"3":1,"4":0,"5":0,"6":0,"7":1,"8":1,"9":0,"10":0,"11":0,"12":0,"13":0,"14":0,"15":0,"16":0,"17":0,"18":0,"19":0,"20":0,"21":1,"22":1,"23":0,"24":0,"25":0,"26":0,"27":0,"28":0,"29":0,"30":0,"31":0,"32":0,"33":0,"34":0,"35":1,"36":1,"37":0,"38":0,"39":0,"40":0,"41":0,"42":0,"43":0,"44":0,"45":0,"46":0,"47":1},"f":{"0":0,"1":0,"2":0,"3":0,"4":0,"5":0,"6":0,"7":0},"b":{"0":[0,0],"1":[0,0],"2":[0,0],"3":[0,0],"4":[0,0],"5":[0,0],"6":[0,0]}}
,"C:\\Users\\USER\\Desktop\\CloudVault\\src\\services\\auth.service.ts": {"path":"C:\\Users\\USER\\Desktop\\CloudVault\\src\\services\\auth.service.ts","statementMap":{"0":{"start":{"line":1,"column":0},"end":{"line":1,"column":30}},"1":{"start":{"line":2,"column":0},"end":{"line":2,"column":31}},"2":{"start":{"line":3,"column":0},"end":{"line":3,"column":35}},"3":{"start":{"line":4,"column":0},"end":{"line":4,"column":35}},"4":{"start":{"line":5,"column":0},"end":{"line":5,"column":48}},"5":{"start":{"line":6,"column":0},"end":{"line":6,"column":50}},"6":{"start":{"line":10,"column":26},"end":{"line":67,"column":2}},"7":{"start":{"line":10,"column":59},"end":{"line":67,"column":2}},"8":{"start":{"line":11,"column":2},"end":{"line":66,"column":3}},"9":{"start":{"line":12,"column":48},"end":{"line":12,"column":53}},"10":{"start":{"line":14,"column":4},"end":{"line":14,"column":60}},"11":{"start":{"line":14,"column":18},"end":{"line":14,"column":60}},"12":{"start":{"line":16,"column":4},"end":{"line":16,"column":53}},"13":{"start":{"line":16,"column":15},"end":{"line":16,"column":53}},"14":{"start":{"line":18,"column":4},"end":{"line":18,"column":59}},"15":{"start":{"line":18,"column":18},"end":{"line":18,"column":59}},"16":{"start":{"line":20,"column":25},"end":{"line":20,"column":75}},"17":{"start":{"line":22,"column":4},"end":{"line":24,"column":5}},"18":{"start":{"line":23,"column":6},"end":{"line":23,"column":49}},"19":{"start":{"line":26,"column":27},"end":{"line":26,"column":58}},"20":{"start":{"line":28,"column":17},"end":{"line":36,"column":null}},"21":{"start":{"line":39,"column":22},"end":{"line":39,"column":32}},"22":{"start":{"line":41,"column":21},"end":{"line":46,"column":null}},"23":{"start":{"line":49,"column":24},"end":{"line":49,"column":50}},"24":{"start":{"line":51,"column":4},"end":{"line":57,"column":23}},"25":{"start":{"line":59,"column":4},"end":{"line":59,"column":20}},"26":{"start":{"line":61,"column":4},"end":{"line":65,"column":5}},"27":{"start":{"line":62,"column":6},"end":{"line":62,"column":37}},"28":{"start":{"line":64,"column":6},"end":{"line":64,"column":51}},"29":{"start":{"line":10,"column":13},"end":{"line":10,"column":26}},"30":{"start":{"line":69,"column":25},"end":{"line":106,"column":2}},"31":{"start":{"line":69,"column":56},"end":{"line":106,"column":2}},"32":{"start":{"line":70,"column":30},"end":{"line":70,"column":35}},"33":{"start":{"line":72,"column":23},"end":{"line":72,"column":73}},"34":{"start":{"line":74,"column":2},"end":{"line":76,"column":3}},"35":{"start":{"line":75,"column":4},"end":{"line":75,"column":42}},"36":{"start":{"line":78,"column":28},"end":{"line":80,"column":null}},"37":{"start":{"line":83,"column":2},"end":{"line":83,"column":62}},"38":{"start":{"line":83,"column":26},"end":{"line":83,"column":62}},"39":{"start":{"line":85,"column":20},"end":{"line":85,"column":30}},"40":{"start":{"line":87,"column":19},"end":{"line":92,"column":null}},"41":{"start":{"line":95,"column":22},"end":{"line":95,"column":48}},"42":{"start":{"line":97,"column":2},"end":{"line":103,"column":21}},"43":{"start":{"line":105,"column":2},"end":{"line":105,"column":18}},"44":{"start":{"line":69,"column":13},"end":{"line":69,"column":25}}},"fnMap":{"0":{"name":"(anonymous_8)","decl":{"start":{"line":10,"column":26},"end":{"line":10,"column":33}},"loc":{"start":{"line":10,"column":59},"end":{"line":67,"column":2}}},"1":{"name":"(anonymous_9)","decl":{"start":{"line":10,"column":59},"end":{"line":10,"column":null}},"loc":{"start":{"line":10,"column":59},"end":{"line":67,"column":1}}},"2":{"name":"(anonymous_10)","decl":{"start":{"line":69,"column":25},"end":{"line":69,"column":32}},"loc":{"start":{"line":69,"column":56},"end":{"line":106,"column":2}}},"3":{"name":"(anonymous_11)","decl":{"start":{"line":69,"column":56},"end":{"line":69,"column":null}},"loc":{"start":{"line":69,"column":56},"end":{"line":106,"column":1}}}},"branchMap":{"0":{"loc":{"start":{"line":14,"column":4},"end":{"line":14,"column":60}},"type":"if","locations":[{"start":{"line":14,"column":4},"end":{"line":14,"column":60}},{"start":{},"end":{}}]},"1":{"loc":{"start":{"line":16,"column":4},"end":{"line":16,"column":53}},"type":"if","locations":[{"start":{"line":16,"column":4},"end":{"line":16,"column":53}},{"start":{},"end":{}}]},"2":{"loc":{"start":{"line":18,"column":4},"end":{"line":18,"column":59}},"type":"if","locations":[{"start":{"line":18,"column":4},"end":{"line":18,"column":59}},{"start":{},"end":{}}]},"3":{"loc":{"start":{"line":22,"column":4},"end":{"line":24,"column":5}},"type":"if","locations":[{"start":{"line":22,"column":4},"end":{"line":24,"column":5}},{"start":{},"end":{}}]},"4":{"loc":{"start":{"line":61,"column":4},"end":{"line":65,"column":5}},"type":"if","locations":[{"start":{"line":61,"column":4},"end":{"line":65,"column":5}},{"start":{"line":63,"column":11},"end":{"line":65,"column":5}}]},"5":{"loc":{"start":{"line":74,"column":2},"end":{"line":76,"column":3}},"type":"if","locations":[{"start":{"line":74,"column":2},"end":{"line":76,"column":3}},{"start":{},"end":{}}]},"6":{"loc":{"start":{"line":83,"column":2},"end":{"line":83,"column":62}},"type":"if","locations":[{"start":{"line":83,"column":2},"end":{"line":83,"column":62}},{"start":{},"end":{}}]}},"s":{"0":1,"1":1,"2":1,"3":1,"4":1,"5":1,"6":1,"7":1,"8":1,"9":1,"10":1,"11":0,"12":1,"13":0,"14":1,"15":0,"16":1,"17":1,"18":0,"19":1,"20":1,"21":1,"22":1,"23":1,"24":1,"25":1,"26":0,"27":0,"28":0,"29":1,"30":1,"31":0,"32":0,"33":0,"34":0,"35":0,"36":0,"37":0,"38":0,"39":0,"40":0,"41":0,"42":0,"43":0,"44":1},"f":{"0":1,"1":1,"2":0,"3":0},"b":{"0":[0,1],"1":[0,1],"2":[0,1],"3":[0,1],"4":[0,0],"5":[0,0],"6":[0,0]}}
,"C:\\Users\\USER\\Desktop\\CloudVault\\src\\services\\upload.service.ts": {"path":"C:\\Users\\USER\\Desktop\\CloudVault\\src\\services\\upload.service.ts","statementMap":{"0":{"start":{"line":1,"column":0},"end":{"line":1,"column":103}},"1":{"start":{"line":2,"column":0},"end":{"line":2,"column":61}},"2":{"start":{"line":3,"column":0},"end":{"line":3,"column":34}},"3":{"start":{"line":4,"column":0},"end":{"line":4,"column":31}},"4":{"start":{"line":5,"column":0},"end":{"line":5,"column":48}},"5":{"start":{"line":6,"column":0},"end":{"line":6,"column":35}},"6":{"start":{"line":7,"column":0},"end":{"line":7,"column":35}},"7":{"start":{"line":14,"column":4},"end":{"line":14,"column":47}},"8":{"start":{"line":16,"column":4},"end":{"line":23,"column":7}},"9":{"start":{"line":27,"column":16},"end":{"line":27,"column":42}},"10":{"start":{"line":28,"column":22},"end":{"line":28,"column":63}},"11":{"start":{"line":29,"column":16},"end":{"line":29,"column":114}},"12":{"start":{"line":31,"column":23},"end":{"line":31,"column":53}},"13":{"start":{"line":33,"column":20},"end":{"line":38,"column":6}},"14":{"start":{"line":40,"column":4},"end":{"line":40,"column":32}},"15":{"start":{"line":54,"column":34},"end":{"line":54,"column":38}},"16":{"start":{"line":56,"column":4},"end":{"line":75,"column":5}},"17":{"start":{"line":57,"column":21},"end":{"line":62,"column":8}},"18":{"start":{"line":64,"column":6},"end":{"line":74,"column":7}},"19":{"start":{"line":65,"column":8},"end":{"line":65,"column":29}},"20":{"start":{"line":67,"column":26},"end":{"line":72,"column":10}},"21":{"start":{"line":73,"column":8},"end":{"line":73,"column":32}},"22":{"start":{"line":77,"column":23},"end":{"line":86,"column":6}},"23":{"start":{"line":88,"column":4},"end":{"line":88,"column":30}},"24":{"start":{"line":90,"column":4},"end":{"line":93,"column":6}},"25":{"start":{"line":97,"column":4},"end":{"line":97,"column":null}},"26":{"start":{"line":109,"column":23},"end":{"line":109,"column":53}},"27":{"start":{"line":112,"column":20},"end":{"line":115,"column":6}},"28":{"start":{"line":117,"column":16},"end":{"line":117,"column":76}},"29":{"start":{"line":119,"column":4},"end":{"line":119,"column":39}},"30":{"start":{"line":120,"column":4},"end":{"line":120,"column":43}},"31":{"start":{"line":122,"column":4},"end":{"line":122,"column":19}},"32":{"start":{"line":126,"column":20},"end":{"line":129,"column":6}},"33":{"start":{"line":131,"column":4},"end":{"line":131,"column":32}},"34":{"start":{"line":133,"column":4},"end":{"line":133,"column":null}},"35":{"start":{"line":137,"column":48},"end":{"line":139,"column":6}},"36":{"start":{"line":141,"column":4},"end":{"line":143,"column":5}},"37":{"start":{"line":142,"column":6},"end":{"line":142,"column":30}},"38":{"start":{"line":145,"column":19},"end":{"line":145,"column":42}},"39":{"start":{"line":146,"column":4},"end":{"line":146,"column":71}},"40":{"start":{"line":146,"column":17},"end":{"line":146,"column":71}},"41":{"start":{"line":147,"column":4},"end":{"line":147,"column":18}},"42":{"start":{"line":9,"column":0},"end":{"line":9,"column":13}}},"fnMap":{"0":{"name":"(anonymous_8)","decl":{"start":{"line":13,"column":2},"end":{"line":13,"column":null}},"loc":{"start":{"line":13,"column":2},"end":{"line":24,"column":3}}},"1":{"name":"(anonymous_9)","decl":{"start":{"line":26,"column":8},"end":{"line":26,"column":18}},"loc":{"start":{"line":26,"column":101},"end":{"line":94,"column":null}}},"2":{"name":"(anonymous_11)","decl":{"start":{"line":96,"column":8},"end":{"line":96,"column":27}},"loc":{"start":{"line":96,"column":76},"end":{"line":98,"column":null}}},"3":{"name":"(anonymous_13)","decl":{"start":{"line":108,"column":8},"end":{"line":108,"column":27}},"loc":{"start":{"line":108,"column":63},"end":{"line":123,"column":null}}},"4":{"name":"(anonymous_15)","decl":{"start":{"line":125,"column":8},"end":{"line":125,"column":20}},"loc":{"start":{"line":125,"column":56},"end":{"line":134,"column":null}}},"5":{"name":"(anonymous_17)","decl":{"start":{"line":136,"column":10},"end":{"line":136,"column":23}},"loc":{"start":{"line":136,"column":42},"end":{"line":148,"column":3}}}},"branchMap":{"0":{"loc":{"start":{"line":14,"column":15},"end":{"line":14,"column":46}},"type":"binary-expr","locations":[{"start":{"line":14,"column":15},"end":{"line":14,"column":29}},{"start":{"line":14,"column":33},"end":{"line":14,"column":46}}]},"1":{"loc":{"start":{"line":29,"column":16},"end":{"line":29,"column":114}},"type":"cond-expr","locations":[{"start":{"line":29,"column":29},"end":{"line":29,"column":77}},{"start":{"line":29,"column":80},"end":{"line":29,"column":114}}]},"2":{"loc":{"start":{"line":56,"column":4},"end":{"line":75,"column":5}},"type":"if","locations":[{"start":{"line":56,"column":4},"end":{"line":75,"column":5}},{"start":{},"end":{}}]},"3":{"loc":{"start":{"line":64,"column":6},"end":{"line":74,"column":7}},"type":"if","locations":[{"start":{"line":64,"column":6},"end":{"line":74,"column":7}},{"start":{"line":66,"column":13},"end":{"line":74,"column":7}}]},"4":{"loc":{"start":{"line":141,"column":4},"end":{"line":143,"column":5}},"type":"if","locations":[{"start":{"line":141,"column":4},"end":{"line":143,"column":5}},{"start":{},"end":{}}]},"5":{"loc":{"start":{"line":146,"column":4},"end":{"line":146,"column":71}},"type":"if","locations":[{"start":{"line":146,"column":4},"end":{"line":146,"column":71}},{"start":{},"end":{}}]}},"s":{"0":1,"1":1,"2":1,"3":1,"4":1,"5":1,"6":1,"7":1,"8":1,"9":0,"10":0,"11":0,"12":0,"13":0,"14":0,"15":0,"16":0,"17":0,"18":0,"19":0,"20":0,"21":0,"22":0,"23":0,"24":0,"25":0,"26":0,"27":0,"28":0,"29":0,"30":0,"31":0,"32":0,"33":0,"34":0,"35":0,"36":0,"37":0,"38":0,"39":0,"40":0,"41":0,"42":1},"f":{"0":1,"1":0,"2":0,"3":0,"4":0,"5":0},"b":{"0":[1,0],"1":[0,0],"2":[0,0],"3":[0,0],"4":[0,0],"5":[0,0]}}
,"C:\\Users\\USER\\Desktop\\CloudVault\\src\\validations\\auth.validation.ts": {"path":"C:\\Users\\USER\\Desktop\\CloudVault\\src\\validations\\auth.validation.ts","statementMap":{"0":{"start":{"line":1,"column":0},"end":{"line":1,"column":57}},"1":{"start":{"line":4,"column":13},"end":{"line":23,"column":2}},"2":{"start":{"line":17,"column":19},"end":{"line":17,"column":40}},"3":{"start":{"line":18,"column":4},"end":{"line":20,"column":5}},"4":{"start":{"line":19,"column":6},"end":{"line":19,"column":60}},"5":{"start":{"line":21,"column":4},"end":{"line":21,"column":11}},"6":{"start":{"line":25,"column":13},"end":{"line":38,"column":2}},"7":{"start":{"line":32,"column":19},"end":{"line":32,"column":40}},"8":{"start":{"line":33,"column":4},"end":{"line":35,"column":5}},"9":{"start":{"line":34,"column":6},"end":{"line":34,"column":60}},"10":{"start":{"line":36,"column":4},"end":{"line":36,"column":11}}},"fnMap":{"0":{"name":"(anonymous_0)","decl":{"start":{"line":16,"column":2},"end":{"line":16,"column":3}},"loc":{"start":{"line":16,"column":54},"end":{"line":22,"column":3}}},"1":{"name":"(anonymous_1)","decl":{"start":{"line":31,"column":2},"end":{"line":31,"column":3}},"loc":{"start":{"line":31,"column":54},"end":{"line":37,"column":3}}}},"branchMap":{"0":{"loc":{"start":{"line":18,"column":4},"end":{"line":20,"column":5}},"type":"if","locations":[{"start":{"line":18,"column":4},"end":{"line":20,"column":5}},{"start":{},"end":{}}]},"1":{"loc":{"start":{"line":33,"column":4},"end":{"line":35,"column":5}},"type":"if","locations":[{"start":{"line":33,"column":4},"end":{"line":35,"column":5}},{"start":{},"end":{}}]}},"s":{"0":1,"1":1,"2":1,"3":1,"4":0,"5":1,"6":1,"7":0,"8":0,"9":0,"10":0},"f":{"0":1,"1":0},"b":{"0":[0,1],"1":[0,0]}}
,"C:\\Users\\USER\\Desktop\\CloudVault\\src\\validations\\file.validation.ts": {"path":"C:\\Users\\USER\\Desktop\\CloudVault\\src\\validations\\file.validation.ts","statementMap":{"0":{"start":{"line":1,"column":0},"end":{"line":1,"column":80}},"1":{"start":{"line":4,"column":25},"end":{"line":16,"column":1}},"2":{"start":{"line":5,"column":17},"end":{"line":5,"column":38}},"3":{"start":{"line":6,"column":2},"end":{"line":14,"column":3}},"4":{"start":{"line":7,"column":4},"end":{"line":13,"column":7}},"5":{"start":{"line":9,"column":43},"end":{"line":12,"column":8}},"6":{"start":{"line":15,"column":2},"end":{"line":15,"column":9}},"7":{"start":{"line":19,"column":22},"end":{"line":19,"column":39}},"8":{"start":{"line":21,"column":13},"end":{"line":51,"column":2}},"9":{"start":{"line":24,"column":18},"end":{"line":24,"column":38}},"10":{"start":{"line":26,"column":4},"end":{"line":28,"column":5}},"11":{"start":{"line":27,"column":6},"end":{"line":27,"column":43}},"12":{"start":{"line":30,"column":4},"end":{"line":32,"column":5}},"13":{"start":{"line":31,"column":6},"end":{"line":31,"column":56}},"14":{"start":{"line":34,"column":4},"end":{"line":34,"column":16}},"15":{"start":{"line":39,"column":19},"end":{"line":39,"column":40}},"16":{"start":{"line":40,"column":4},"end":{"line":48,"column":5}},"17":{"start":{"line":41,"column":6},"end":{"line":47,"column":9}},"18":{"start":{"line":43,"column":43},"end":{"line":46,"column":10}},"19":{"start":{"line":49,"column":4},"end":{"line":49,"column":11}},"20":{"start":{"line":58,"column":13},"end":{"line":70,"column":2}},"21":{"start":{"line":76,"column":13},"end":{"line":82,"column":2}},"22":{"start":{"line":87,"column":13},"end":{"line":93,"column":2}},"23":{"start":{"line":98,"column":13},"end":{"line":104,"column":2}}},"fnMap":{"0":{"name":"(anonymous_0)","decl":{"start":{"line":4,"column":25},"end":{"line":4,"column":26}},"loc":{"start":{"line":4,"column":77},"end":{"line":16,"column":1}}},"1":{"name":"(anonymous_1)","decl":{"start":{"line":9,"column":33},"end":{"line":9,"column":34}},"loc":{"start":{"line":9,"column":43},"end":{"line":12,"column":8}}},"2":{"name":"(anonymous_2)","decl":{"start":{"line":23,"column":23},"end":{"line":23,"column":24}},"loc":{"start":{"line":23,"column":38},"end":{"line":35,"column":3}}},"3":{"name":"(anonymous_3)","decl":{"start":{"line":38,"column":2},"end":{"line":38,"column":3}},"loc":{"start":{"line":38,"column":54},"end":{"line":50,"column":3}}},"4":{"name":"(anonymous_4)","decl":{"start":{"line":43,"column":35},"end":{"line":43,"column":38}},"loc":{"start":{"line":43,"column":43},"end":{"line":46,"column":10}}}},"branchMap":{"0":{"loc":{"start":{"line":6,"column":2},"end":{"line":14,"column":3}},"type":"if","locations":[{"start":{"line":6,"column":2},"end":{"line":14,"column":3}},{"start":{},"end":{}}]},"1":{"loc":{"start":{"line":10,"column":15},"end":{"line":10,"column":58}},"type":"cond-expr","locations":[{"start":{"line":10,"column":38},"end":{"line":10,"column":46}},{"start":{"line":10,"column":49},"end":{"line":10,"column":58}}]},"2":{"loc":{"start":{"line":26,"column":4},"end":{"line":28,"column":5}},"type":"if","locations":[{"start":{"line":26,"column":4},"end":{"line":28,"column":5}},{"start":{},"end":{}}]},"3":{"loc":{"start":{"line":30,"column":4},"end":{"line":32,"column":5}},"type":"if","locations":[{"start":{"line":30,"column":4},"end":{"line":32,"column":5}},{"start":{},"end":{}}]},"4":{"loc":{"start":{"line":40,"column":4},"end":{"line":48,"column":5}},"type":"if","locations":[{"start":{"line":40,"column":4},"end":{"line":48,"column":5}},{"start":{},"end":{}}]},"5":{"loc":{"start":{"line":44,"column":17},"end":{"line":44,"column":57}},"type":"cond-expr","locations":[{"start":{"line":44,"column":40},"end":{"line":44,"column":48}},{"start":{"line":44,"column":51},"end":{"line":44,"column":57}}]}},"s":{"0":1,"1":1,"2":0,"3":0,"4":0,"5":0,"6":0,"7":1,"8":1,"9":0,"10":0,"11":0,"12":0,"13":0,"14":0,"15":0,"16":0,"17":0,"18":0,"19":0,"20":1,"21":1,"22":1,"23":1},"f":{"0":0,"1":0,"2":0,"3":0,"4":0},"b":{"0":[0,0],"1":[0,0],"2":[0,0],"3":[0,0],"4":[0,0],"5":[0,0]}}
}
